<?xml version="1.0" encoding="UTF-8"?>
<!-- Generated by org.testng.reporters.JUnitReportReporter -->
<testsuite skipped="0" hostname="circus" name="demoTest.loginPageDemoTest" tests="1" failures="0" timestamp="24 Jul 2019 12:05:39 GMT" time="7.341" errors="0">
  <testcase name="logIn_TC_1" time="7.341" classname="demoTest.loginPageDemoTest"/>
</testsuite> <!-- demoTest.loginPageDemoTest -->
